# JRE version: OpenJDK Runtime Environment Temurin-17.0.8.1+1 (17.0.8.1+1) (build 17.0.8.1+1)
# Java VM: OpenJDK 64-Bit Server VM Temurin-17.0.8.1+1 (17.0.8.1+1, mixed mode, sharing, tiered, compressed oops, compressed class ptrs, g1 gc, windows-amd64)
GC Precious Log:
 CPUs: 8 total, 8 available
 Memory: 7997M
 Large Page Support: Disabled
 NUMA Support: Disabled
 Compressed Oops: Enabled (Zero based)
 Heap Region Size: 4M
 Heap Min Capacity: 8M
 Heap Initial Capacity: 128M
 Heap Max Capacity: 8G
 Pre-touch: Disabled
 Parallel Workers: 8
 Concurrent Workers: 2
 Concurrent Refinement Workers: 8
 Periodic GC: Disabled
Heap:
 garbage-first heap   total 946176K, used 381653K [0x0000000600000000, 0x0000000800000000)
  region size 4096K, 2 young (8192K), 2 survivors (8192K)
 Metaspace       used 205212K, committed 207552K, reserved 1245184K
  class space    used 26061K, committed 27072K, reserved 1048576K
GC Heap History (20 events):
Event: 1201.318 GC heap after
{Heap after GC invocations=102 (full 0):
 garbage-first heap   total 786432K, used 436970K [0x0000000600000000, 0x0000000800000000)
  region size 4096K, 1 young (4096K), 1 survivors (4096K)
 Metaspace       used 204170K, committed 206400K, reserved 1245184K
  class space    used 25993K, committed 27008K, reserved 1048576K
}
Event: 1202.104 GC heap before
{Heap before GC invocations=102 (full 0):
 garbage-first heap   total 786432K, used 469738K [0x0000000600000000, 0x0000000800000000)
  region size 4096K, 9 young (36864K), 1 survivors (4096K)
 Metaspace       used 204201K, committed 206400K, reserved 1245184K
  class space    used 25995K, committed 27008K, reserved 1048576K
}
Event: 1202.131 GC heap after
{Heap after GC invocations=103 (full 0):
 garbage-first heap   total 786432K, used 437972K [0x0000000600000000, 0x0000000800000000)
  region size 4096K, 2 young (8192K), 2 survivors (8192K)
 Metaspace       used 204201K, committed 206400K, reserved 1245184K
  class space    used 25995K, committed 27008K, reserved 1048576K
}
Event: 1203.011 GC heap before
{Heap before GC invocations=103 (full 0):
 garbage-first heap   total 786432K, used 466644K [0x0000000600000000, 0x0000000800000000)
  region size 4096K, 9 young (36864K), 2 survivors (8192K)
 Metaspace       used 204344K, committed 206528K, reserved 1245184K
  class space    used 26011K, committed 27008K, reserved 1048576K
}
Event: 1203.043 GC heap after
{Heap after GC invocations=104 (full 0):
 garbage-first heap   total 786432K, used 440695K [0x0000000600000000, 0x0000000800000000)
  region size 4096K, 2 young (8192K), 2 survivors (8192K)
 Metaspace       used 204344K, committed 206528K, reserved 1245184K
  class space    used 26011K, committed 27008K, reserved 1048576K
}
Event: 1222.797 GC heap before
{Heap before GC invocations=104 (full 0):
 garbage-first heap   total 786432K, used 465271K [0x0000000600000000, 0x0000000800000000)
  region size 4096K, 9 young (36864K), 2 survivors (8192K)
 Metaspace       used 204488K, committed 206720K, reserved 1245184K
  class space    used 26020K, committed 27008K, reserved 1048576K
}
Event: 1222.824 GC heap after
{Heap after GC invocations=105 (full 0):
 garbage-first heap   total 946176K, used 442953K [0x0000000600000000, 0x0000000800000000)
  region size 4096K, 2 young (8192K), 2 survivors (8192K)
 Metaspace       used 204488K, committed 206720K, reserved 1245184K
  class space    used 26020K, committed 27008K, reserved 1048576K
}
Event: 1252.933 GC heap before
{Heap before GC invocations=105 (full 0):
 garbage-first heap   total 946176K, used 574025K [0x0000000600000000, 0x0000000800000000)
  region size 4096K, 34 young (139264K), 2 survivors (8192K)
 Metaspace       used 204685K, committed 206912K, reserved 1245184K
  class space    used 26040K, committed 27008K, reserved 1048576K
}
Event: 1252.948 GC heap after
{Heap after GC invocations=106 (full 0):
 garbage-first heap   total 946176K, used 449394K [0x0000000600000000, 0x0000000800000000)
  region size 4096K, 4 young (16384K), 4 survivors (16384K)
 Metaspace       used 204685K, committed 206912K, reserved 1245184K
  class space    used 26040K, committed 27008K, reserved 1048576K
}
Event: 1254.587 GC heap before
{Heap before GC invocations=106 (full 0):
 garbage-first heap   total 946176K, used 609138K [0x0000000600000000, 0x0000000800000000)
  region size 4096K, 43 young (176128K), 4 survivors (16384K)
 Metaspace       used 204875K, committed 207168K, reserved 1245184K
  class space    used 26056K, committed 27072K, reserved 1048576K
}
Event: 1254.619 GC heap after
{Heap after GC invocations=107 (full 0):
 garbage-first heap   total 946176K, used 463515K [0x0000000600000000, 0x0000000800000000)
  region size 4096K, 6 young (24576K), 6 survivors (24576K)
 Metaspace       used 204875K, committed 207168K, reserved 1245184K
  class space    used 26056K, committed 27072K, reserved 1048576K
}
Event: 1255.818 GC heap before
{Heap before GC invocations=107 (full 0):
 garbage-first heap   total 946176K, used 619163K [0x0000000600000000, 0x0000000800000000)
  region size 4096K, 44 young (180224K), 6 survivors (24576K)
 Metaspace       used 205027K, committed 207296K, reserved 1245184K
  class space    used 26063K, committed 27072K, reserved 1048576K
}
Event: 1255.882 GC heap after
{Heap after GC invocations=108 (full 0):
 garbage-first heap   total 946176K, used 480871K [0x0000000600000000, 0x0000000800000000)
  region size 4096K, 5 young (20480K), 5 survivors (20480K)
 Metaspace       used 205027K, committed 207296K, reserved 1245184K
  class space    used 26063K, committed 27072K, reserved 1048576K
}
Event: 1258.367 GC heap before
{Heap before GC invocations=109 (full 0):
 garbage-first heap   total 946176K, used 677479K [0x0000000600000000, 0x0000000800000000)
  region size 4096K, 55 young (225280K), 5 survivors (20480K)
 Metaspace       used 205144K, committed 207488K, reserved 1245184K
  class space    used 26060K, committed 27072K, reserved 1048576K
}
Event: 1258.631 GC heap after
{Heap after GC invocations=110 (full 0):
 garbage-first heap   total 946176K, used 499088K [0x0000000600000000, 0x0000000800000000)
  region size 4096K, 7 young (28672K), 7 survivors (28672K)
 Metaspace       used 205144K, committed 207488K, reserved 1245184K
  class space    used 26060K, committed 27072K, reserved 1048576K
}
Event: 1258.700 GC heap before
{Heap before GC invocations=110 (full 0):
 garbage-first heap   total 946176K, used 515472K [0x0000000600000000, 0x0000000800000000)
  region size 4096K, 11 young (45056K), 7 survivors (28672K)
 Metaspace       used 205150K, committed 207488K, reserved 1245184K
  class space    used 26060K, committed 27072K, reserved 1048576K
}
Event: 1258.779 GC heap after
{Heap after GC invocations=111 (full 0):
 garbage-first heap   total 946176K, used 411977K [0x0000000600000000, 0x0000000800000000)
  region size 4096K, 2 young (8192K), 2 survivors (8192K)
 Metaspace       used 205150K, committed 207488K, reserved 1245184K
  class space    used 26060K, committed 27072K, reserved 1048576K
}
Event: 1259.043 GC heap before
{Heap before GC invocations=111 (full 0):
 garbage-first heap   total 946176K, used 448841K [0x0000000600000000, 0x0000000800000000)
  region size 4096K, 11 young (45056K), 2 survivors (8192K)
 Metaspace       used 205189K, committed 207488K, reserved 1245184K
  class space    used 26060K, committed 27072K, reserved 1048576K
}
Event: 1259.072 GC heap after
{Heap after GC invocations=112 (full 0):
 garbage-first heap   total 946176K, used 396121K [0x0000000600000000, 0x0000000800000000)
  region size 4096K, 2 young (8192K), 2 survivors (8192K)
 Metaspace       used 205189K, committed 207488K, reserved 1245184K
  class space    used 26060K, committed 27072K, reserved 1048576K
}
Event: 1259.248 GC heap before
{Heap before GC invocations=112 (full 0):
 garbage-first heap   total 946176K, used 432985K [0x0000000600000000, 0x0000000800000000)
  region size 4096K, 11 young (45056K), 2 survivors (8192K)
 Metaspace       used 205212K, committed 207552K, reserved 1245184K
  class space    used 26061K, committed 27072K, reserved 1048576K
}

